<?xml version="1.0" encoding="UTF-8"?>
<!-- Generated by org.testng.reporters.JUnitXMLReporter -->
<testsuite ignored="0" hostname="WBOX42" failures="0" tests="3" name="Default test" time="211.43" errors="0" timestamp="2024-06-07T12:42:12 IST">
  <testcase classname="prod.Alerts" name="create_Alert_Prod" time="78.174"/>
  <testcase classname="prod.Alerts" name="edit_Alert_Prod" time="65.18"/>
  <testcase classname="prod.Alerts" name="delete_Alert_Prod" time="56.692"/>
</testsuite> <!-- Default test -->
