<?xml version="1.0" encoding="UTF-8"?>
<!-- Generated by org.testng.reporters.JUnitXMLReporter -->
<testsuite ignored="21" hostname="WBOX42" failures="1" tests="1" name="Default test" time="63.994" errors="0" timestamp="2024-05-16T10:29:31 IST">
  <testcase classname="prod.Regression" name="facebookProd" time="59.499">
    <failure type="org.openqa.selenium.TimeoutException" message="Expected condition failed: waiting for visibility of element located by By.xpath: //div[@aria-label=&amp;apos;Close&amp;apos;] (tried for 30 second(s) with 500 milliseconds interval)
Build info: version: &amp;apos;4.19.1&amp;apos;, revision: &amp;apos;abe0ee07dc&amp;apos;
System info: os.name: &amp;apos;Windows 10&amp;apos;, os.arch: &amp;apos;amd64&amp;apos;, os.version: &amp;apos;10.0&amp;apos;, java.version: &amp;apos;17.0.9&amp;apos;
Driver info: org.openqa.selenium.chrome.ChromeDriver
Capabilities {acceptInsecureCerts: false, browserName: chrome-headless-shell, browserVersion: 124.0.6367.203, chrome: {chromedriverVersion: 124.0.6367.207 (a9001a6e39f..., userDataDir: C:\Users\wbox42\AppData\Loc...}, fedcm:accounts: true, goog:chromeOptions: {debuggerAddress: localhost:56754}, networkConnectionEnabled: false, pageLoadStrategy: normal, platformName: windows, proxy: Proxy(), se:cdp: ws://localhost:56754/devtoo..., se:cdpVersion: 124.0.6367.203, setWindowRect: true, strictFileInteractability: false, timeouts: {implicit: 0, pageLoad: 300000, script: 30000}, unhandledPromptBehavior: dismiss and notify, webauthn:extension:credBlob: true, webauthn:extension:largeBlob: true, webauthn:extension:minPinLength: true, webauthn:extension:prf: true, webauthn:virtualAuthenticators: true}
Session ID: 98a90e33dca73784081fc8915bf41c76">
      <![CDATA[org.openqa.selenium.TimeoutException: Expected condition failed: waiting for visibility of element located by By.xpath: //div[@aria-label='Close'] (tried for 30 second(s) with 500 milliseconds interval)
Build info: version: '4.19.1', revision: 'abe0ee07dc'
System info: os.name: 'Windows 10', os.arch: 'amd64', os.version: '10.0', java.version: '17.0.9'
Driver info: org.openqa.selenium.chrome.ChromeDriver
Capabilities {acceptInsecureCerts: false, browserName: chrome-headless-shell, browserVersion: 124.0.6367.203, chrome: {chromedriverVersion: 124.0.6367.207 (a9001a6e39f..., userDataDir: C:\Users\wbox42\AppData\Loc...}, fedcm:accounts: true, goog:chromeOptions: {debuggerAddress: localhost:56754}, networkConnectionEnabled: false, pageLoadStrategy: normal, platformName: windows, proxy: Proxy(), se:cdp: ws://localhost:56754/devtoo..., se:cdpVersion: 124.0.6367.203, setWindowRect: true, strictFileInteractability: false, timeouts: {implicit: 0, pageLoad: 300000, script: 30000}, unhandledPromptBehavior: dismiss and notify, webauthn:extension:credBlob: true, webauthn:extension:largeBlob: true, webauthn:extension:minPinLength: true, webauthn:extension:prf: true, webauthn:virtualAuthenticators: true}
Session ID: 98a90e33dca73784081fc8915bf41c76
at org.openqa.selenium.support.ui.WebDriverWait.timeoutException(WebDriverWait.java:84)
at org.openqa.selenium.support.ui.FluentWait.until(FluentWait.java:228)
at com.flightfinder.pomrepo.ProdElements.synchronised(ProdElements.java:24)
at com.flightfinder.pomrepo.ProdElements.getFbCloseButton(ProdElements.java:145)
at prod.Regression.facebookProd(Regression.java:346)
at java.base/jdk.internal.reflect.NativeMethodAccessorImpl.invoke0(Native Method)
at java.base/jdk.internal.reflect.NativeMethodAccessorImpl.invoke(NativeMethodAccessorImpl.java:77)
at java.base/jdk.internal.reflect.DelegatingMethodAccessorImpl.invoke(DelegatingMethodAccessorImpl.java:43)
at java.base/java.lang.reflect.Method.invoke(Method.java:568)
at org.testng.internal.invokers.MethodInvocationHelper.invokeMethod(MethodInvocationHelper.java:139)
at org.testng.internal.invokers.TestInvoker.invokeMethod(TestInvoker.java:677)
at org.testng.internal.invokers.TestInvoker.invokeTestMethod(TestInvoker.java:221)
at org.testng.internal.invokers.MethodRunner.runInSequence(MethodRunner.java:50)
at org.testng.internal.invokers.TestInvoker$MethodInvocationAgent.invoke(TestInvoker.java:969)
at org.testng.internal.invokers.TestInvoker.invokeTestMethods(TestInvoker.java:194)
at org.testng.internal.invokers.TestMethodWorker.invokeTestMethods(TestMethodWorker.java:148)
at org.testng.internal.invokers.TestMethodWorker.run(TestMethodWorker.java:128)
at java.base/java.util.ArrayList.forEach(ArrayList.java:1511)
at org.testng.TestRunner.privateRun(TestRunner.java:829)
at org.testng.TestRunner.run(TestRunner.java:602)
at org.testng.SuiteRunner.runTest(SuiteRunner.java:437)
at org.testng.SuiteRunner.runSequentially(SuiteRunner.java:431)
at org.testng.SuiteRunner.privateRun(SuiteRunner.java:391)
at org.testng.SuiteRunner.run(SuiteRunner.java:330)
at org.testng.SuiteRunnerWorker.runSuite(SuiteRunnerWorker.java:52)
at org.testng.SuiteRunnerWorker.run(SuiteRunnerWorker.java:95)
at org.testng.TestNG.runSuitesSequentially(TestNG.java:1256)
at org.testng.TestNG.runSuitesLocally(TestNG.java:1176)
at org.testng.TestNG.runSuites(TestNG.java:1099)
at org.testng.TestNG.run(TestNG.java:1067)
at org.testng.remote.AbstractRemoteTestNG.run(AbstractRemoteTestNG.java:115)
at org.testng.remote.RemoteTestNG.initAndRun(RemoteTestNG.java:251)
at org.testng.remote.RemoteTestNG.main(RemoteTestNG.java:77)
]]>
    </failure>
  </testcase> <!-- facebookProd -->
  <testcase classname="prod.Regression" name="AppstoreImage_Check_Prod" time="0.0">
    <ignored/>
  </testcase> <!-- AppstoreImage_Check_Prod -->
  <testcase classname="prod.Regression" name="check_one_alert_restriction_bronze" time="0.0">
    <ignored/>
  </testcase> <!-- check_one_alert_restriction_bronze -->
  <testcase classname="prod.Regression" name="Check_bronze_mapPage_restrictions" time="0.0">
    <ignored/>
  </testcase> <!-- Check_bronze_mapPage_restrictions -->
  <testcase classname="prod.Regression" name="popularTopics_Check_Prod" time="0.0">
    <ignored/>
  </testcase> <!-- popularTopics_Check_Prod -->
  <testcase classname="prod.Regression" name="login_Valid_Credentials_Prod" time="0.0">
    <ignored/>
  </testcase> <!-- login_Valid_Credentials_Prod -->
  <testcase classname="prod.Regression" name="LinkedinProd" time="0.0">
    <ignored/>
  </testcase> <!-- LinkedinProd -->
  <testcase classname="prod.Regression" name="ApplestoreProd" time="0.0">
    <ignored/>
  </testcase> <!-- ApplestoreProd -->
  <testcase classname="prod.Regression" name="GuestuserProd" time="0.0">
    <ignored/>
  </testcase> <!-- GuestuserProd -->
  <testcase classname="prod.Regression" name="InstagramProd" time="0.0">
    <ignored/>
  </testcase> <!-- InstagramProd -->
  <testcase classname="prod.Regression" name="check_five_alert_restriction_silver" time="0.0">
    <ignored/>
  </testcase> <!-- check_five_alert_restriction_silver -->
  <testcase classname="prod.Regression" name="popularArticles_Check_Prod" time="0.0">
    <ignored/>
  </testcase> <!-- popularArticles_Check_Prod -->
  <testcase classname="prod.Regression" name="login_Invalid_Credentials_Prod" time="0.0">
    <ignored/>
  </testcase> <!-- login_Invalid_Credentials_Prod -->
  <testcase classname="prod.Regression" name="KbarHeaderProd" time="0.0">
    <ignored/>
  </testcase> <!-- KbarHeaderProd -->
  <testcase classname="prod.Regression" name="Check_Map_Page_Destinations" time="0.0">
    <ignored/>
  </testcase> <!-- Check_Map_Page_Destinations -->
  <testcase classname="prod.Regression" name="login_With_Google_Prod" time="0.0">
    <ignored/>
  </testcase> <!-- login_With_Google_Prod -->
  <testcase classname="prod.Regression" name="login_With_Facebook_Prod" time="0.0">
    <ignored/>
  </testcase> <!-- login_With_Facebook_Prod -->
  <testcase classname="prod.Regression" name="signup_Bronze_Prod" time="0.0">
    <ignored/>
  </testcase> <!-- signup_Bronze_Prod -->
  <testcase classname="prod.Regression" name="popularBlogs_Check_Prod" time="0.0">
    <ignored/>
  </testcase> <!-- popularBlogs_Check_Prod -->
  <testcase classname="prod.Regression" name="login_With_Apple_Prod" time="0.0">
    <ignored/>
  </testcase> <!-- login_With_Apple_Prod -->
  <testcase classname="prod.Regression" name="GooglePlayProd" time="0.0">
    <ignored/>
  </testcase> <!-- GooglePlayProd -->
  <testcase classname="prod.Regression" name="TwitterProd" time="0.0">
    <ignored/>
  </testcase> <!-- TwitterProd -->
</testsuite> <!-- Default test -->
