<?xml version="1.0" encoding="UTF-8"?>
<!-- Generated by org.testng.reporters.JUnitXMLReporter -->
<testsuite ignored="1" hostname="WBOX42" failures="1" tests="30" name="Test" time="1570.572" errors="0" timestamp="2024-04-27T15:19:40 IST">
  <testcase classname="stage.Alerts" name="createAlert" time="80.333"/>
  <testcase classname="stage.Alerts" name="editAlert" time="35.996"/>
  <testcase classname="stage.Alerts" name="deleteAlert" time="36.625"/>
  <testcase classname="stage.SignupStage" name="signUpBronze" time="31.739"/>
  <testcase classname="stage.SignupStage" name="signUpSilver" time="61.232"/>
  <testcase classname="stage.SignupStage" name="signUpGold" time="60.6"/>
  <testcase classname="stage.SignupStage" name="signUpSilverMonthly" time="61.989"/>
  <testcase classname="stage.SignupStage" name="signUpGoldMonthly" time="59.089"/>
  <testcase classname="dev.SignupDev" name="signUpBronze" time="34.345"/>
  <testcase classname="dev.SignupDev" name="signUpSilver" time="68.692"/>
  <testcase classname="dev.SignupDev" name="signUpGold" time="60.432"/>
  <testcase classname="dev.SignupDev" name="signUpSilverMonthly" time="62.427"/>
  <testcase classname="dev.SignupDev" name="signUpGoldMonthly" time="64.205"/>
  <testcase classname="prod.Regression" name="loginInValidCredentials" time="43.557"/>
  <testcase classname="prod.Regression" name="loginValidCredentials" time="29.859"/>
  <testcase classname="prod.Regression" name="loginWithGoogle" time="37.192"/>
  <testcase classname="prod.Regression" name="loginWithFacebook" time="43.845"/>
  <testcase classname="prod.Regression" name="signUpBronzeprod" time="31.153"/>
  <testcase classname="prod.Regression" name="popularArticlesCheck" time="20.043"/>
  <testcase classname="prod.Regression" name="popularTopicsCheck" time="14.31"/>
  <testcase classname="prod.Regression" name="popularBlogsCheck" time="17.806"/>
  <testcase classname="prod.Regression" name="AppstoreImageCheck" time="12.325"/>
  <testcase classname="prod.Regression" name="KbarHeader" time="9.738"/>
  <testcase classname="prod.Regression" name="Guestuser" time="66.843">
    <failure type="org.openqa.selenium.TimeoutException" message="Expected condition failed: waiting for visibility of element located by By.xpath: //div[@class=&amp;apos;ui scrolling modal transition visible active cst-popup cal-popup footercloudtop&amp;apos;] (tried for 30 second(s) with 500 milliseconds interval)
Build info: version: &amp;apos;4.19.1&amp;apos;, revision: &amp;apos;abe0ee07dc&amp;apos;
System info: os.name: &amp;apos;Windows 10&amp;apos;, os.arch: &amp;apos;amd64&amp;apos;, os.version: &amp;apos;10.0&amp;apos;, java.version: &amp;apos;17.0.9&amp;apos;
Driver info: org.openqa.selenium.chrome.ChromeDriver
Capabilities {acceptInsecureCerts: false, browserName: chrome-headless-shell, browserVersion: 124.0.6367.63, chrome: {chromedriverVersion: 124.0.6367.91 (51df0e5e17a8..., userDataDir: C:\Users\wbox42\AppData\Loc...}, fedcm:accounts: true, goog:chromeOptions: {debuggerAddress: localhost:64921}, networkConnectionEnabled: false, pageLoadStrategy: normal, platformName: windows, proxy: Proxy(), se:cdp: ws://localhost:64921/devtoo..., se:cdpVersion: 124.0.6367.63, setWindowRect: true, strictFileInteractability: false, timeouts: {implicit: 0, pageLoad: 300000, script: 30000}, unhandledPromptBehavior: dismiss and notify, webauthn:extension:credBlob: true, webauthn:extension:largeBlob: true, webauthn:extension:minPinLength: true, webauthn:extension:prf: true, webauthn:virtualAuthenticators: true}
Session ID: bc439b50dfb271c708d5692f25ba34e7">
      <![CDATA[org.openqa.selenium.TimeoutException: Expected condition failed: waiting for visibility of element located by By.xpath: //div[@class='ui scrolling modal transition visible active cst-popup cal-popup footercloudtop'] (tried for 30 second(s) with 500 milliseconds interval)
Build info: version: '4.19.1', revision: 'abe0ee07dc'
System info: os.name: 'Windows 10', os.arch: 'amd64', os.version: '10.0', java.version: '17.0.9'
Driver info: org.openqa.selenium.chrome.ChromeDriver
Capabilities {acceptInsecureCerts: false, browserName: chrome-headless-shell, browserVersion: 124.0.6367.63, chrome: {chromedriverVersion: 124.0.6367.91 (51df0e5e17a8..., userDataDir: C:\Users\wbox42\AppData\Loc...}, fedcm:accounts: true, goog:chromeOptions: {debuggerAddress: localhost:64921}, networkConnectionEnabled: false, pageLoadStrategy: normal, platformName: windows, proxy: Proxy(), se:cdp: ws://localhost:64921/devtoo..., se:cdpVersion: 124.0.6367.63, setWindowRect: true, strictFileInteractability: false, timeouts: {implicit: 0, pageLoad: 300000, script: 30000}, unhandledPromptBehavior: dismiss and notify, webauthn:extension:credBlob: true, webauthn:extension:largeBlob: true, webauthn:extension:minPinLength: true, webauthn:extension:prf: true, webauthn:virtualAuthenticators: true}
Session ID: bc439b50dfb271c708d5692f25ba34e7
at org.openqa.selenium.support.ui.WebDriverWait.timeoutException(WebDriverWait.java:84)
at org.openqa.selenium.support.ui.FluentWait.until(FluentWait.java:228)
at com.flightfinder.pomrepo.ProdElements.synchronised(ProdElements.java:24)
at com.flightfinder.pomrepo.ProdElements.getGuestUserPopup(ProdElements.java:89)
at prod.Regression.Guestuser(Regression.java:265)
at java.base/java.util.ArrayList.forEach(ArrayList.java:1511)
... Removed 27 stack frames]]>
    </failure>
  </testcase> <!-- Guestuser -->
  <testcase classname="prod.Regression" name="facebook" time="17.706"/>
  <testcase classname="prod.Regression" name="Twitter" time="26.12"/>
  <testcase classname="prod.Regression" name="Linkedin" time="25.321"/>
  <testcase classname="prod.Regression" name="Instagram" time="19.076"/>
  <testcase classname="prod.Regression" name="GooglePlay" time="17.802"/>
  <testcase classname="prod.Regression" name="Applestore" time="17.842"/>
  <testcase classname="prod.Regression" name="loginWithApple" time="0.0">
    <ignored/>
  </testcase> <!-- loginWithApple -->
</testsuite> <!-- Test -->
