<?xml version="1.0" encoding="UTF-8"?>
<testng-results ignored="17" total="18" passed="1" failed="0" skipped="0">
  <reporter-output>
  </reporter-output>
  <suite started-at="2024-04-29T09:50:40 IST" name="Default suite" finished-at="2024-04-29T09:51:08 IST" duration-ms="28022">
    <groups>
    </groups>
    <test started-at="2024-04-29T09:50:40 IST" name="Default test" finished-at="2024-04-29T09:51:08 IST" duration-ms="28022">
      <class name="prod.Regression">
        <test-method is-config="true" signature="preConditions()[pri:0, instance:prod.Regression@482d776b]" started-at="2024-04-29T09:50:40 IST" name="preConditions" finished-at="2024-04-29T09:50:42 IST" duration-ms="2290" status="PASS">
          <reporter-output>
          </reporter-output>
        </test-method> <!-- preConditions -->
        <test-method signature="GuestuserProd()[pri:12, instance:prod.Regression@482d776b]" started-at="2024-04-29T09:50:42 IST" name="GuestuserProd" finished-at="2024-04-29T09:51:07 IST" duration-ms="24388" status="PASS">
          <reporter-output>
          </reporter-output>
        </test-method> <!-- GuestuserProd -->
        <test-method is-config="true" signature="postConditions()[pri:0, instance:prod.Regression@482d776b]" started-at="2024-04-29T09:51:07 IST" name="postConditions" finished-at="2024-04-29T09:51:08 IST" duration-ms="1272" status="PASS">
          <reporter-output>
          </reporter-output>
        </test-method> <!-- postConditions -->
      </class> <!-- prod.Regression -->
    </test> <!-- Default test -->
  </suite> <!-- Default suite -->
</testng-results>
