<?xml version="1.0" encoding="UTF-8"?>
<testng-results ignored="25" total="26" passed="1" failed="0" skipped="0">
  <reporter-output>
  </reporter-output>
  <suite started-at="2024-04-19T16:16:03 IST" name="Default suite" finished-at="2024-04-19T16:16:35 IST" duration-ms="32720">
    <groups>
    </groups>
    <test started-at="2024-04-19T16:16:03 IST" name="Default test" finished-at="2024-04-19T16:16:35 IST" duration-ms="32720">
      <class name="testCases.TestClass1">
        <test-method is-config="true" signature="preConditions()[pri:0, instance:testCases.TestClass1@62e70ea3]" started-at="2024-04-19T16:16:03 IST" name="preConditions" finished-at="2024-04-19T16:16:06 IST" duration-ms="3144" status="PASS">
          <reporter-output>
          </reporter-output>
        </test-method> <!-- preConditions -->
        <test-method signature="loginValidCredentials()[pri:5, instance:testCases.TestClass1@62e70ea3]" started-at="2024-04-19T16:16:06 IST" name="loginValidCredentials" finished-at="2024-04-19T16:16:34 IST" duration-ms="28507" status="PASS">
          <reporter-output>
          </reporter-output>
        </test-method> <!-- loginValidCredentials -->
        <test-method is-config="true" signature="postConditions()[pri:0, instance:testCases.TestClass1@62e70ea3]" started-at="2024-04-19T16:16:34 IST" name="postConditions" finished-at="2024-04-19T16:16:35 IST" duration-ms="971" status="PASS">
          <reporter-output>
          </reporter-output>
        </test-method> <!-- postConditions -->
      </class> <!-- testCases.TestClass1 -->
    </test> <!-- Default test -->
  </suite> <!-- Default suite -->
</testng-results>
